<?xml version="1.0" encoding="UTF-8"?>
<!-- Generated by org.testng.reporters.JUnitXMLReporter -->
<testsuite ignored="0" hostname="2R0B4M3" failures="0" tests="5" name="Open Cart Home Page Test_edge" time="12.138" errors="0" timestamp="2024-07-26T15:58:49 EDT">
  <testcase classname="com.qa.opencart.tests.HomePageTests" name="homePageTitleTest" time="0.024"/>
  <testcase classname="com.qa.opencart.tests.HomePageTests" name="homePageUrlTest" time="0.001"/>
  <testcase classname="com.qa.opencart.tests.HomePageTests" name="searchTest" time="4.886"/>
  <testcase classname="com.qa.opencart.tests.HomePageTests" name="searchTest" time="0.582"/>
  <testcase classname="com.qa.opencart.tests.HomePageTests" name="searchTest" time="0.597"/>
</testsuite> <!-- Open Cart Home Page Test_edge -->
