<?xml version="1.0" encoding="UTF-8"?>
<!-- Generated by org.testng.reporters.JUnitXMLReporter -->
<testsuite ignored="0" hostname="2R0B4M3" failures="0" tests="5" name="Open Cart Home Page Test_firefox" time="13.314" errors="0" timestamp="2024-07-26T15:58:37 EDT">
  <testcase classname="com.qa.opencart.tests.HomePageTests" name="homePageTitleTest" time="0.022"/>
  <testcase classname="com.qa.opencart.tests.HomePageTests" name="homePageUrlTest" time="0.0"/>
  <testcase classname="com.qa.opencart.tests.HomePageTests" name="searchTest" time="0.655"/>
  <testcase classname="com.qa.opencart.tests.HomePageTests" name="searchTest" time="0.602"/>
  <testcase classname="com.qa.opencart.tests.HomePageTests" name="searchTest" time="0.739"/>
</testsuite> <!-- Open Cart Home Page Test_firefox -->
