<?xml version="1.0" encoding="UTF-8"?>
<!-- Generated by org.testng.reporters.JUnitXMLReporter -->
<testsuite ignored="0" hostname="2R0B4M3" failures="0" tests="5" name="Open Cart Home Page Test" time="11.087" errors="0" timestamp="2024-07-19T17:40:55 EDT">
  <testcase classname="com.qa.opencart.tests.HomePageTests" name="homePageTitleTest" time="0.012"/>
  <testcase classname="com.qa.opencart.tests.HomePageTests" name="homePageUrlTest" time="0.0"/>
  <testcase classname="com.qa.opencart.tests.HomePageTests" name="searchTest" time="0.56"/>
  <testcase classname="com.qa.opencart.tests.HomePageTests" name="searchTest" time="0.53"/>
  <testcase classname="com.qa.opencart.tests.HomePageTests" name="searchTest" time="0.511"/>
</testsuite> <!-- Open Cart Home Page Test -->
