<?xml version="1.0" encoding="UTF-8"?>
<!-- Generated by org.testng.reporters.JUnitXMLReporter -->
<testsuite ignored="0" hostname="2R0B4M3" failures="0" tests="3" name="Open Cart Login Page Test" time="13.174" errors="0" timestamp="2024-07-19T17:40:57 EDT">
  <testcase classname="com.qa.opencart.tests.LoginPageTest" name="loginPageNavigationTest" time="2.853"/>
  <testcase classname="com.qa.opencart.tests.LoginPageTest" name="forgotPwdLinkExistTest" time="0.006"/>
  <testcase classname="com.qa.opencart.tests.LoginPageTest" name="appLoginTest" time="0.848"/>
</testsuite> <!-- Open Cart Login Page Test -->
