<?xml version="1.0" encoding="UTF-8"?>
<!-- Generated by org.testng.reporters.JUnitXMLReporter -->
<testsuite ignored="0" hostname="2R0B4M3" failures="0" tests="3" name="Open Cart Login Page Test_chromium" time="16.191" errors="0" timestamp="2024-07-26T15:58:40 EDT">
  <testcase classname="com.qa.opencart.tests.LoginPageTest" name="loginPageNavigationTest" time="3.025"/>
  <testcase classname="com.qa.opencart.tests.LoginPageTest" name="forgotPwdLinkExistTest" time="0.057"/>
  <testcase classname="com.qa.opencart.tests.LoginPageTest" name="appLoginTest" time="1.755"/>
</testsuite> <!-- Open Cart Login Page Test_chromium -->
