<?xml version="1.0" encoding="UTF-8"?>
<testng-results ignored="0" total="3" passed="3" failed="0" skipped="0">
  <reporter-output>
  </reporter-output>
  <suite started-at="2024-08-01T12:28:07 EDT" name="Default Suite" finished-at="2024-08-01T12:28:19 EDT" duration-ms="11640">
    <groups>
    </groups>
    <test started-at="2024-08-01T12:28:07 EDT" name="PW_POMproject" finished-at="2024-08-01T12:28:19 EDT" duration-ms="11640">
      <class name="com.qa.opencart.tests.LoginPageTest">
        <test-method is-config="true" signature="setUp()[pri:0, instance:com.qa.opencart.tests.LoginPageTest@184cf7cf]" started-at="2024-08-01T12:28:07 EDT" name="setUp" finished-at="2024-08-01T12:28:17 EDT" duration-ms="9555" status="PASS">
          <reporter-output>
          </reporter-output>
        </test-method> <!-- setUp -->
        <test-method signature="loginPageNavigationTest()[pri:1, instance:com.qa.opencart.tests.LoginPageTest@184cf7cf]" started-at="2024-08-01T12:28:17 EDT" name="loginPageNavigationTest" finished-at="2024-08-01T12:28:17 EDT" duration-ms="571" status="PASS">
          <reporter-output>
          </reporter-output>
        </test-method> <!-- loginPageNavigationTest -->
        <test-method signature="forgotPwdLinkExistTest()[pri:2, instance:com.qa.opencart.tests.LoginPageTest@184cf7cf]" started-at="2024-08-01T12:28:17 EDT" name="forgotPwdLinkExistTest" finished-at="2024-08-01T12:28:17 EDT" duration-ms="39" status="PASS">
          <reporter-output>
          </reporter-output>
        </test-method> <!-- forgotPwdLinkExistTest -->
        <test-method signature="appLoginTest()[pri:3, instance:com.qa.opencart.tests.LoginPageTest@184cf7cf]" started-at="2024-08-01T12:28:17 EDT" name="appLoginTest" finished-at="2024-08-01T12:28:18 EDT" duration-ms="809" status="PASS">
          <reporter-output>
          </reporter-output>
        </test-method> <!-- appLoginTest -->
        <test-method is-config="true" signature="tearDown()[pri:0, instance:com.qa.opencart.tests.LoginPageTest@184cf7cf]" started-at="2024-08-01T12:28:18 EDT" name="tearDown" finished-at="2024-08-01T12:28:19 EDT" duration-ms="640" status="PASS">
          <reporter-output>
          </reporter-output>
        </test-method> <!-- tearDown -->
      </class> <!-- com.qa.opencart.tests.LoginPageTest -->
    </test> <!-- PW_POMproject -->
  </suite> <!-- Default Suite -->
</testng-results>
